<?xml version="1.0" encoding="UTF-8"?>
<testsuite xmlns:xsi="http://www.w3.org/2001/XMLSchema-instance" xsi:noNamespaceSchemaLocation="https://maven.apache.org/surefire/maven-surefire-plugin/xsd/surefire-test-report-3.0.xsd" version="3.0" name="com.github.dsena7.apachecamel.integracaoarquivo.MainTest" time="2.43" tests="1" errors="1" skipped="0" failures="0">
  <properties>
    <property name="java.specification.version" value="19"/>
    <property name="sun.cpu.isalist" value="amd64"/>
    <property name="sun.jnu.encoding" value="Cp1252"/>
    <property name="java.class.path" value="C:\Users\diego\Documents\Estudos Dev\StudyCamel\study-camel\target\test-classes;C:\Users\diego\Documents\Estudos Dev\StudyCamel\study-camel\target\classes;C:\Users\diego\.m2\repository\org\apache\camel\camel-core-engine\3.20.0\camel-core-engine-3.20.0.jar;C:\Users\diego\.m2\repository\org\apache\camel\camel-api\3.20.0\camel-api-3.20.0.jar;C:\Users\diego\.m2\repository\jakarta\xml\bind\jakarta.xml.bind-api\2.3.3\jakarta.xml.bind-api-2.3.3.jar;C:\Users\diego\.m2\repository\jakarta\activation\jakarta.activation-api\1.2.2\jakarta.activation-api-1.2.2.jar;C:\Users\diego\.m2\repository\org\apache\camel\camel-base-engine\3.20.0\camel-base-engine-3.20.0.jar;C:\Users\diego\.m2\repository\org\apache\camel\camel-core-reifier\3.20.0\camel-core-reifier-3.20.0.jar;C:\Users\diego\.m2\repository\org\apache\camel\camel-core-model\3.20.0\camel-core-model-3.20.0.jar;C:\Users\diego\.m2\repository\org\apache\camel\camel-core-processor\3.20.0\camel-core-processor-3.20.0.jar;C:\Users\diego\.m2\repository\org\apache\camel\camel-management-api\3.20.0\camel-management-api-3.20.0.jar;C:\Users\diego\.m2\repository\org\apache\camel\camel-support\3.20.0\camel-support-3.20.0.jar;C:\Users\diego\.m2\repository\org\apache\camel\camel-util\3.20.0\camel-util-3.20.0.jar;C:\Users\diego\.m2\repository\org\apache\camel\camel-main\3.20.0\camel-main-3.20.0.jar;C:\Users\diego\.m2\repository\org\apache\camel\camel-base\3.20.0\camel-base-3.20.0.jar;C:\Users\diego\.m2\repository\org\apache\camel\camel-core-languages\3.20.0\camel-core-languages-3.20.0.jar;C:\Users\diego\.m2\repository\org\apache\camel\camel-log\3.20.0\camel-log-3.20.0.jar;C:\Users\diego\.m2\repository\org\apache\logging\log4j\log4j-slf4j-impl\2.13.3\log4j-slf4j-impl-2.13.3.jar;C:\Users\diego\.m2\repository\org\slf4j\slf4j-api\1.7.25\slf4j-api-1.7.25.jar;C:\Users\diego\.m2\repository\org\apache\logging\log4j\log4j-api\2.13.3\log4j-api-2.13.3.jar;C:\Users\diego\.m2\repository\org\apache\logging\log4j\log4j-core\2.13.3\log4j-core-2.13.3.jar;C:\Users\diego\.m2\repository\org\apache\camel\camel-test-main-junit5\3.20.0\camel-test-main-junit5-3.20.0.jar;C:\Users\diego\.m2\repository\org\apache\camel\camel-test-junit5\3.20.0\camel-test-junit5-3.20.0.jar;C:\Users\diego\.m2\repository\org\junit\jupiter\junit-jupiter-api\5.9.1\junit-jupiter-api-5.9.1.jar;C:\Users\diego\.m2\repository\org\opentest4j\opentest4j\1.2.0\opentest4j-1.2.0.jar;C:\Users\diego\.m2\repository\org\junit\platform\junit-platform-commons\1.9.1\junit-platform-commons-1.9.1.jar;C:\Users\diego\.m2\repository\org\apiguardian\apiguardian-api\1.1.2\apiguardian-api-1.1.2.jar;C:\Users\diego\.m2\repository\org\junit\jupiter\junit-jupiter-engine\5.9.1\junit-jupiter-engine-5.9.1.jar;C:\Users\diego\.m2\repository\org\junit\platform\junit-platform-engine\1.9.1\junit-platform-engine-1.9.1.jar;C:\Users\diego\.m2\repository\org\junit\jupiter\junit-jupiter-params\5.9.1\junit-jupiter-params-5.9.1.jar;C:\Users\diego\.m2\repository\org\apache\camel\camel-file\3.20.0\camel-file-3.20.0.jar;C:\Users\diego\.m2\repository\org\apache\camel\camel-cluster\3.20.0\camel-cluster-3.20.0.jar;C:\Users\diego\.m2\repository\org\apache\camel\camel-kafka\3.20.0\camel-kafka-3.20.0.jar;C:\Users\diego\.m2\repository\org\apache\camel\camel-health\3.20.0\camel-health-3.20.0.jar;C:\Users\diego\.m2\repository\org\apache\kafka\kafka-clients\3.2.3\kafka-clients-3.2.3.jar;C:\Users\diego\.m2\repository\com\github\luben\zstd-jni\1.5.2-1\zstd-jni-1.5.2-1.jar;C:\Users\diego\.m2\repository\org\lz4\lz4-java\1.8.0\lz4-java-1.8.0.jar;C:\Users\diego\.m2\repository\org\xerial\snappy\snappy-java\1.1.8.4\snappy-java-1.1.8.4.jar;C:\Users\diego\.m2\repository\com\fasterxml\jackson\core\jackson-databind\2.14.1\jackson-databind-2.14.1.jar;C:\Users\diego\.m2\repository\com\fasterxml\jackson\core\jackson-annotations\2.14.1\jackson-annotations-2.14.1.jar;C:\Users\diego\.m2\repository\com\fasterxml\jackson\core\jackson-core\2.14.1\jackson-core-2.14.1.jar;C:\Users\diego\.m2\repository\org\apache\camel\camel-xpath\3.20.0\camel-xpath-3.20.0.jar;C:\Users\diego\.m2\repository\org\apache\camel\camel-xml-jaxp\3.20.0\camel-xml-jaxp-3.20.0.jar;C:\Users\diego\.m2\repository\org\apache\camel\camel-xml-io-util\3.20.0\camel-xml-io-util-3.20.0.jar;C:\Users\diego\.m2\repository\org\apache\camel\camel-http\3.20.0\camel-http-3.20.0.jar;C:\Users\diego\.m2\repository\org\apache\camel\camel-cloud\3.20.0\camel-cloud-3.20.0.jar;C:\Users\diego\.m2\repository\org\apache\camel\camel-http-common\3.20.0\camel-http-common-3.20.0.jar;C:\Users\diego\.m2\repository\org\apache\camel\camel-http-base\3.20.0\camel-http-base-3.20.0.jar;C:\Users\diego\.m2\repository\org\apache\camel\camel-attachments\3.20.0\camel-attachments-3.20.0.jar;C:\Users\diego\.m2\repository\com\sun\activation\javax.activation\1.2.0\javax.activation-1.2.0.jar;C:\Users\diego\.m2\repository\javax\servlet\javax.servlet-api\3.1.0\javax.servlet-api-3.1.0.jar;C:\Users\diego\.m2\repository\org\apache\httpcomponents\httpclient\4.5.13\httpclient-4.5.13.jar;C:\Users\diego\.m2\repository\org\apache\httpcomponents\httpcore\4.4.13\httpcore-4.4.13.jar;C:\Users\diego\.m2\repository\commons-logging\commons-logging\1.2\commons-logging-1.2.jar;C:\Users\diego\.m2\repository\commons-codec\commons-codec\1.11\commons-codec-1.11.jar;C:\Users\diego\.m2\repository\org\apache\camel\camel-direct\3.20.0\camel-direct-3.20.0.jar;C:\Users\diego\.m2\repository\org\apache\camel\camel-core\3.20.0\camel-core-3.20.0.jar;C:\Users\diego\.m2\repository\org\apache\camel\camel-bean\3.20.0\camel-bean-3.20.0.jar;C:\Users\diego\.m2\repository\org\apache\camel\camel-browse\3.20.0\camel-browse-3.20.0.jar;C:\Users\diego\.m2\repository\org\apache\camel\camel-controlbus\3.20.0\camel-controlbus-3.20.0.jar;C:\Users\diego\.m2\repository\org\apache\camel\camel-dataformat\3.20.0\camel-dataformat-3.20.0.jar;C:\Users\diego\.m2\repository\org\apache\camel\camel-dataset\3.20.0\camel-dataset-3.20.0.jar;C:\Users\diego\.m2\repository\org\apache\camel\camel-directvm\3.20.0\camel-directvm-3.20.0.jar;C:\Users\diego\.m2\repository\org\apache\camel\camel-language\3.20.0\camel-language-3.20.0.jar;C:\Users\diego\.m2\repository\org\apache\camel\camel-mock\3.20.0\camel-mock-3.20.0.jar;C:\Users\diego\.m2\repository\org\apache\camel\camel-ref\3.20.0\camel-ref-3.20.0.jar;C:\Users\diego\.m2\repository\org\apache\camel\camel-saga\3.20.0\camel-saga-3.20.0.jar;C:\Users\diego\.m2\repository\org\apache\camel\camel-scheduler\3.20.0\camel-scheduler-3.20.0.jar;C:\Users\diego\.m2\repository\org\apache\camel\camel-seda\3.20.0\camel-seda-3.20.0.jar;C:\Users\diego\.m2\repository\org\apache\camel\camel-stub\3.20.0\camel-stub-3.20.0.jar;C:\Users\diego\.m2\repository\org\apache\camel\camel-timer\3.20.0\camel-timer-3.20.0.jar;C:\Users\diego\.m2\repository\org\apache\camel\camel-validator\3.20.0\camel-validator-3.20.0.jar;C:\Users\diego\.m2\repository\org\apache\camel\camel-vm\3.20.0\camel-vm-3.20.0.jar;C:\Users\diego\.m2\repository\org\apache\camel\camel-xslt\3.20.0\camel-xslt-3.20.0.jar;C:\Users\diego\.m2\repository\org\apache\camel\camel-xml-jaxb\3.20.0\camel-xml-jaxb-3.20.0.jar;C:\Users\diego\.m2\repository\com\sun\xml\bind\jaxb-core\2.3.0\jaxb-core-2.3.0.jar;C:\Users\diego\.m2\repository\com\sun\xml\bind\jaxb-impl\2.3.3\jaxb-impl-2.3.3.jar;C:\Users\diego\.m2\repository\com\sun\activation\jakarta.activation\1.2.2\jakarta.activation-1.2.2.jar;C:\Users\diego\.m2\repository\org\apache\camel\camel-rest\3.20.0\camel-rest-3.20.0.jar;C:\Users\diego\.m2\repository\org\apache\camel\camel-tooling-model\3.20.0\camel-tooling-model-3.20.0.jar;C:\Users\diego\.m2\repository\org\apache\camel\camel-util-json\3.20.0\camel-util-json-3.20.0.jar;"/>
    <property name="java.vm.vendor" value="Oracle Corporation"/>
    <property name="sun.arch.data.model" value="64"/>
    <property name="user.variant" value=""/>
    <property name="java.vendor.url" value="https://java.oracle.com/"/>
    <property name="user.timezone" value="America/Sao_Paulo"/>
    <property name="os.name" value="Windows 10"/>
    <property name="java.vm.specification.version" value="19"/>
    <property name="sun.java.launcher" value="SUN_STANDARD"/>
    <property name="user.country" value="BR"/>
    <property name="sun.boot.library.path" value="C:\Users\diego\.jdks\openjdk-19.0.1\bin"/>
    <property name="sun.java.command" value="C:\Users\diego\AppData\Local\Temp\surefire4194802576423281901\surefirebooter2373474090759286227.jar C:\Users\diego\AppData\Local\Temp\surefire4194802576423281901 2024-02-13T19-09-19_516-jvmRun1 surefire17660756362568724000tmp surefire_01308662294831700991tmp"/>
    <property name="jdk.debug" value="release"/>
    <property name="surefire.test.class.path" value="C:\Users\diego\Documents\Estudos Dev\StudyCamel\study-camel\target\test-classes;C:\Users\diego\Documents\Estudos Dev\StudyCamel\study-camel\target\classes;C:\Users\diego\.m2\repository\org\apache\camel\camel-core-engine\3.20.0\camel-core-engine-3.20.0.jar;C:\Users\diego\.m2\repository\org\apache\camel\camel-api\3.20.0\camel-api-3.20.0.jar;C:\Users\diego\.m2\repository\jakarta\xml\bind\jakarta.xml.bind-api\2.3.3\jakarta.xml.bind-api-2.3.3.jar;C:\Users\diego\.m2\repository\jakarta\activation\jakarta.activation-api\1.2.2\jakarta.activation-api-1.2.2.jar;C:\Users\diego\.m2\repository\org\apache\camel\camel-base-engine\3.20.0\camel-base-engine-3.20.0.jar;C:\Users\diego\.m2\repository\org\apache\camel\camel-core-reifier\3.20.0\camel-core-reifier-3.20.0.jar;C:\Users\diego\.m2\repository\org\apache\camel\camel-core-model\3.20.0\camel-core-model-3.20.0.jar;C:\Users\diego\.m2\repository\org\apache\camel\camel-core-processor\3.20.0\camel-core-processor-3.20.0.jar;C:\Users\diego\.m2\repository\org\apache\camel\camel-management-api\3.20.0\camel-management-api-3.20.0.jar;C:\Users\diego\.m2\repository\org\apache\camel\camel-support\3.20.0\camel-support-3.20.0.jar;C:\Users\diego\.m2\repository\org\apache\camel\camel-util\3.20.0\camel-util-3.20.0.jar;C:\Users\diego\.m2\repository\org\apache\camel\camel-main\3.20.0\camel-main-3.20.0.jar;C:\Users\diego\.m2\repository\org\apache\camel\camel-base\3.20.0\camel-base-3.20.0.jar;C:\Users\diego\.m2\repository\org\apache\camel\camel-core-languages\3.20.0\camel-core-languages-3.20.0.jar;C:\Users\diego\.m2\repository\org\apache\camel\camel-log\3.20.0\camel-log-3.20.0.jar;C:\Users\diego\.m2\repository\org\apache\logging\log4j\log4j-slf4j-impl\2.13.3\log4j-slf4j-impl-2.13.3.jar;C:\Users\diego\.m2\repository\org\slf4j\slf4j-api\1.7.25\slf4j-api-1.7.25.jar;C:\Users\diego\.m2\repository\org\apache\logging\log4j\log4j-api\2.13.3\log4j-api-2.13.3.jar;C:\Users\diego\.m2\repository\org\apache\logging\log4j\log4j-core\2.13.3\log4j-core-2.13.3.jar;C:\Users\diego\.m2\repository\org\apache\camel\camel-test-main-junit5\3.20.0\camel-test-main-junit5-3.20.0.jar;C:\Users\diego\.m2\repository\org\apache\camel\camel-test-junit5\3.20.0\camel-test-junit5-3.20.0.jar;C:\Users\diego\.m2\repository\org\junit\jupiter\junit-jupiter-api\5.9.1\junit-jupiter-api-5.9.1.jar;C:\Users\diego\.m2\repository\org\opentest4j\opentest4j\1.2.0\opentest4j-1.2.0.jar;C:\Users\diego\.m2\repository\org\junit\platform\junit-platform-commons\1.9.1\junit-platform-commons-1.9.1.jar;C:\Users\diego\.m2\repository\org\apiguardian\apiguardian-api\1.1.2\apiguardian-api-1.1.2.jar;C:\Users\diego\.m2\repository\org\junit\jupiter\junit-jupiter-engine\5.9.1\junit-jupiter-engine-5.9.1.jar;C:\Users\diego\.m2\repository\org\junit\platform\junit-platform-engine\1.9.1\junit-platform-engine-1.9.1.jar;C:\Users\diego\.m2\repository\org\junit\jupiter\junit-jupiter-params\5.9.1\junit-jupiter-params-5.9.1.jar;C:\Users\diego\.m2\repository\org\apache\camel\camel-file\3.20.0\camel-file-3.20.0.jar;C:\Users\diego\.m2\repository\org\apache\camel\camel-cluster\3.20.0\camel-cluster-3.20.0.jar;C:\Users\diego\.m2\repository\org\apache\camel\camel-kafka\3.20.0\camel-kafka-3.20.0.jar;C:\Users\diego\.m2\repository\org\apache\camel\camel-health\3.20.0\camel-health-3.20.0.jar;C:\Users\diego\.m2\repository\org\apache\kafka\kafka-clients\3.2.3\kafka-clients-3.2.3.jar;C:\Users\diego\.m2\repository\com\github\luben\zstd-jni\1.5.2-1\zstd-jni-1.5.2-1.jar;C:\Users\diego\.m2\repository\org\lz4\lz4-java\1.8.0\lz4-java-1.8.0.jar;C:\Users\diego\.m2\repository\org\xerial\snappy\snappy-java\1.1.8.4\snappy-java-1.1.8.4.jar;C:\Users\diego\.m2\repository\com\fasterxml\jackson\core\jackson-databind\2.14.1\jackson-databind-2.14.1.jar;C:\Users\diego\.m2\repository\com\fasterxml\jackson\core\jackson-annotations\2.14.1\jackson-annotations-2.14.1.jar;C:\Users\diego\.m2\repository\com\fasterxml\jackson\core\jackson-core\2.14.1\jackson-core-2.14.1.jar;C:\Users\diego\.m2\repository\org\apache\camel\camel-xpath\3.20.0\camel-xpath-3.20.0.jar;C:\Users\diego\.m2\repository\org\apache\camel\camel-xml-jaxp\3.20.0\camel-xml-jaxp-3.20.0.jar;C:\Users\diego\.m2\repository\org\apache\camel\camel-xml-io-util\3.20.0\camel-xml-io-util-3.20.0.jar;C:\Users\diego\.m2\repository\org\apache\camel\camel-http\3.20.0\camel-http-3.20.0.jar;C:\Users\diego\.m2\repository\org\apache\camel\camel-cloud\3.20.0\camel-cloud-3.20.0.jar;C:\Users\diego\.m2\repository\org\apache\camel\camel-http-common\3.20.0\camel-http-common-3.20.0.jar;C:\Users\diego\.m2\repository\org\apache\camel\camel-http-base\3.20.0\camel-http-base-3.20.0.jar;C:\Users\diego\.m2\repository\org\apache\camel\camel-attachments\3.20.0\camel-attachments-3.20.0.jar;C:\Users\diego\.m2\repository\com\sun\activation\javax.activation\1.2.0\javax.activation-1.2.0.jar;C:\Users\diego\.m2\repository\javax\servlet\javax.servlet-api\3.1.0\javax.servlet-api-3.1.0.jar;C:\Users\diego\.m2\repository\org\apache\httpcomponents\httpclient\4.5.13\httpclient-4.5.13.jar;C:\Users\diego\.m2\repository\org\apache\httpcomponents\httpcore\4.4.13\httpcore-4.4.13.jar;C:\Users\diego\.m2\repository\commons-logging\commons-logging\1.2\commons-logging-1.2.jar;C:\Users\diego\.m2\repository\commons-codec\commons-codec\1.11\commons-codec-1.11.jar;C:\Users\diego\.m2\repository\org\apache\camel\camel-direct\3.20.0\camel-direct-3.20.0.jar;C:\Users\diego\.m2\repository\org\apache\camel\camel-core\3.20.0\camel-core-3.20.0.jar;C:\Users\diego\.m2\repository\org\apache\camel\camel-bean\3.20.0\camel-bean-3.20.0.jar;C:\Users\diego\.m2\repository\org\apache\camel\camel-browse\3.20.0\camel-browse-3.20.0.jar;C:\Users\diego\.m2\repository\org\apache\camel\camel-controlbus\3.20.0\camel-controlbus-3.20.0.jar;C:\Users\diego\.m2\repository\org\apache\camel\camel-dataformat\3.20.0\camel-dataformat-3.20.0.jar;C:\Users\diego\.m2\repository\org\apache\camel\camel-dataset\3.20.0\camel-dataset-3.20.0.jar;C:\Users\diego\.m2\repository\org\apache\camel\camel-directvm\3.20.0\camel-directvm-3.20.0.jar;C:\Users\diego\.m2\repository\org\apache\camel\camel-language\3.20.0\camel-language-3.20.0.jar;C:\Users\diego\.m2\repository\org\apache\camel\camel-mock\3.20.0\camel-mock-3.20.0.jar;C:\Users\diego\.m2\repository\org\apache\camel\camel-ref\3.20.0\camel-ref-3.20.0.jar;C:\Users\diego\.m2\repository\org\apache\camel\camel-saga\3.20.0\camel-saga-3.20.0.jar;C:\Users\diego\.m2\repository\org\apache\camel\camel-scheduler\3.20.0\camel-scheduler-3.20.0.jar;C:\Users\diego\.m2\repository\org\apache\camel\camel-seda\3.20.0\camel-seda-3.20.0.jar;C:\Users\diego\.m2\repository\org\apache\camel\camel-stub\3.20.0\camel-stub-3.20.0.jar;C:\Users\diego\.m2\repository\org\apache\camel\camel-timer\3.20.0\camel-timer-3.20.0.jar;C:\Users\diego\.m2\repository\org\apache\camel\camel-validator\3.20.0\camel-validator-3.20.0.jar;C:\Users\diego\.m2\repository\org\apache\camel\camel-vm\3.20.0\camel-vm-3.20.0.jar;C:\Users\diego\.m2\repository\org\apache\camel\camel-xslt\3.20.0\camel-xslt-3.20.0.jar;C:\Users\diego\.m2\repository\org\apache\camel\camel-xml-jaxb\3.20.0\camel-xml-jaxb-3.20.0.jar;C:\Users\diego\.m2\repository\com\sun\xml\bind\jaxb-core\2.3.0\jaxb-core-2.3.0.jar;C:\Users\diego\.m2\repository\com\sun\xml\bind\jaxb-impl\2.3.3\jaxb-impl-2.3.3.jar;C:\Users\diego\.m2\repository\com\sun\activation\jakarta.activation\1.2.2\jakarta.activation-1.2.2.jar;C:\Users\diego\.m2\repository\org\apache\camel\camel-rest\3.20.0\camel-rest-3.20.0.jar;C:\Users\diego\.m2\repository\org\apache\camel\camel-tooling-model\3.20.0\camel-tooling-model-3.20.0.jar;C:\Users\diego\.m2\repository\org\apache\camel\camel-util-json\3.20.0\camel-util-json-3.20.0.jar;"/>
    <property name="sun.cpu.endian" value="little"/>
    <property name="user.home" value="C:\Users\diego"/>
    <property name="user.language" value="pt"/>
    <property name="java.specification.vendor" value="Oracle Corporation"/>
    <property name="java.version.date" value="2022-10-18"/>
    <property name="java.home" value="C:\Users\diego\.jdks\openjdk-19.0.1"/>
    <property name="file.separator" value="\"/>
    <property name="basedir" value="C:\Users\diego\Documents\Estudos Dev\StudyCamel\study-camel"/>
    <property name="java.vm.compressedOopsMode" value="32-bit"/>
    <property name="line.separator" value="&#10;"/>
    <property name="java.vm.specification.vendor" value="Oracle Corporation"/>
    <property name="java.specification.name" value="Java Platform API Specification"/>
    <property name="surefire.real.class.path" value="C:\Users\diego\AppData\Local\Temp\surefire4194802576423281901\surefirebooter2373474090759286227.jar"/>
    <property name="user.script" value=""/>
    <property name="sun.management.compiler" value="HotSpot 64-Bit Tiered Compilers"/>
    <property name="java.runtime.version" value="19.0.1+10-21"/>
    <property name="user.name" value="Diego"/>
    <property name="stdout.encoding" value="Cp1252"/>
    <property name="path.separator" value=";"/>
    <property name="os.version" value="10.0"/>
    <property name="java.runtime.name" value="OpenJDK Runtime Environment"/>
    <property name="file.encoding" value="UTF-8"/>
    <property name="java.vm.name" value="OpenJDK 64-Bit Server VM"/>
    <property name="localRepository" value="C:\Users\diego\.m2\repository"/>
    <property name="java.vendor.url.bug" value="https://bugreport.java.com/bugreport/"/>
    <property name="java.io.tmpdir" value="C:\Users\diego\AppData\Local\Temp\"/>
    <property name="idea.version" value="2023.1.1"/>
    <property name="java.version" value="19.0.1"/>
    <property name="user.dir" value="C:\Users\diego\Documents\Estudos Dev\StudyCamel\study-camel"/>
    <property name="os.arch" value="amd64"/>
    <property name="java.vm.specification.name" value="Java Virtual Machine Specification"/>
    <property name="sun.os.patch.level" value=""/>
    <property name="native.encoding" value="Cp1252"/>
    <property name="java.library.path" value="C:\Users\diego\.jdks\openjdk-19.0.1\bin;C:\Windows\Sun\Java\bin;C:\Windows\system32;C:\Windows;C:\Program Files (x86)\Common Files\Oracle\Java\javapath;C:\Program Files (x86)\Microsoft SDKs\Azure\CLI2\wbin;C:\Program Files\Java\jdk-17.0.6\bin;C:\Windows\system32;C:\Windows;C:\Windows\System32\Wbem;C:\Windows\System32\WindowsPowerShell\v1.0\;C:\Windows\System32\OpenSSH\;C:\Program Files\Maven\apache-maven-3.8.4\bin;C:\Program Files\Git\cmd;C:\Program Files\dotnet\;C:\HashiCorp\Vagrant\bin;C:\Program Files\nodejs\;;C:\Program Files\Docker\Docker\resources\bin;C:\Users\diego\Ferramentas;C:\Users\diego\Ferramentas\Library\mingw-w64\bin;C:\Users\diego\Ferramentas\Library\usr\bin;C:\Users\diego\Ferramentas\Library\bin;C:\Users\diego\Ferramentas\Scripts;C:\Users\diego\anaconda3;C:\Users\diego\anaconda3\Library\mingw-w64\bin;C:\Users\diego\anaconda3\Library\usr\bin;C:\Users\diego\anaconda3\Library\bin;C:\Users\diego\anaconda3\Scripts;C:\Users\diego\AppData\Local\Programs\Python\Python310\Scripts\;C:\Users\diego\AppData\Local\Programs\Python\Python310\;C:\Users\diego\AppData\Local\Microsoft\WindowsApps;C:\Users\diego\AppData\Local\Programs\Microsoft VS Code\bin;C:\Users\diego\.dotnet\tools;C:\Users\diego\AppData\Roaming\npm;C:\Program Files\Graphviz\bin;."/>
    <property name="java.vm.info" value="mixed mode, sharing"/>
    <property name="stderr.encoding" value="Cp1252"/>
    <property name="java.vendor" value="Oracle Corporation"/>
    <property name="java.vm.version" value="19.0.1+10-21"/>
    <property name="sun.io.unicode.encoding" value="UnicodeLittle"/>
    <property name="java.class.version" value="63.0"/>
  </properties>
  <testcase name="should_complete_the_auto_detected_route" classname="com.github.dsena7.apachecamel.integracaoarquivo.MainTest" time="1.55">
    <error type="org.apache.camel.FailedToStartRouteException"><![CDATA[org.apache.camel.FailedToStartRouteException: Failed to start route servidor-http because of null
Caused by: java.lang.IllegalStateException: Cannot find RestConsumerFactory in Registry or as a Component to use
]]></error>
    <system-out><![CDATA[19:09:22 [           main] CamelTestSupport               INFO  ********************************************************************************
19:09:22 [           main] CamelTestSupport               INFO  Testing: should_complete_the_auto_detected_route() (com.github.dsena7.apachecamel.integracaoarquivo.MainTest)
19:09:22 [           main] CamelTestSupport               INFO  ********************************************************************************
19:09:22 [           main] BaseMainSupport                INFO  Classpath scanning enabled from base package: org.acme.camel
19:09:22 [           main] BaseMainSupport                INFO  Auto-configuration summary
19:09:22 [           main] BaseMainSupport                INFO      [application.properties]       camel.main.name=IntegracaoPorArquivo
19:09:23 [           main] XPathBuilder                   INFO  Created default XPathFactory com.sun.org.apache.xpath.internal.jaxp.XPathFactoryImpl@d400943
19:09:23 [           main] CamelTestSupport               INFO  ********************************************************************************
19:09:23 [           main] CamelTestSupport               INFO  Testing done: should_complete_the_auto_detected_route() (com.github.dsena7.apachecamel.integracaoarquivo.MainTest)
19:09:23 [           main] CamelTestSupport               INFO  Took: 1s542ms (1542 millis)
19:09:23 [           main] CamelTestSupport               INFO  ********************************************************************************
]]></system-out>
  </testcase>
</testsuite>